<?xml version="1.0" encoding="UTF-8"?>
<testng-results ignored="0" total="1" passed="1" failed="0" skipped="0">
  <reporter-output>
  </reporter-output>
  <suite started-at="2023-04-10T15:27:56 IST" name="Suite" finished-at="2023-04-10T15:28:02 IST" duration-ms="6319">
    <groups>
    </groups>
    <test started-at="2023-04-10T15:27:56 IST" name="Test" finished-at="2023-04-10T15:28:02 IST" duration-ms="6319">
      <class name="Q3.Addtocart">
        <test-method is-config="true" signature="launch()[pri:0, instance:Q3.Addtocart@67080771]" started-at="2023-04-10T15:27:56 IST" name="launch" finished-at="2023-04-10T15:28:00 IST" duration-ms="4169" status="PASS">
          <reporter-output>
          </reporter-output>
        </test-method> <!-- launch -->
        <test-method signature="Addtocarttest()[pri:0, instance:Q3.Addtocart@67080771]" started-at="2023-04-10T15:28:00 IST" name="Addtocarttest" finished-at="2023-04-10T15:28:02 IST" duration-ms="2087" status="PASS">
          <reporter-output>
          </reporter-output>
        </test-method> <!-- Addtocarttest -->
      </class> <!-- Q3.Addtocart -->
    </test> <!-- Test -->
  </suite> <!-- Suite -->
</testng-results>
